2023-08-01 22:04:05,027 INFO [main] c.x.job.admin.XxlJobAdminApplication [StartupInfoLogger.java : 55] Starting XxlJobAdminApplication using Java 1.8.0_331 on zhanglei with PID 24396 (C:\code\demo\xxl-job\xxl-job-admin\target\classes started by admin in C:\code\demo)
2023-08-01 22:04:05,029 INFO [main] c.x.job.admin.XxlJobAdminApplication [SpringApplication.java : 631] No active profile set, falling back to 1 default profile: "default"
2023-08-01 22:04:05,962 INFO [main] o.s.b.w.e.tomcat.TomcatWebServer [TomcatWebServer.java : 108] Tomcat initialized with port(s): 8080 (http)
2023-08-01 22:04:05,968 INFO [main] o.a.coyote.http11.Http11NioProtocol [DirectJDKLog.java : 173] Initializing ProtocolHandler ["http-nio-8080"]
2023-08-01 22:04:05,969 INFO [main] o.a.catalina.core.StandardService [DirectJDKLog.java : 173] Starting service [Tomcat]
2023-08-01 22:04:05,969 INFO [main] o.a.catalina.core.StandardEngine [DirectJDKLog.java : 173] Starting Servlet engine: [Apache Tomcat/9.0.71]
2023-08-01 22:04:06,049 INFO [main] o.a.c.c.C.[.[.[/xxl-job-admin] [DirectJDKLog.java : 173] Initializing Spring embedded WebApplicationContext
2023-08-01 22:04:06,049 INFO [main] o.s.b.w.s.c.ServletWebServerApplicationContext [ServletWebServerApplicationContext.java : 292] Root WebApplicationContext: initialization completed in 862 ms
2023-08-01 22:04:06,436 INFO [main] c.x.j.a.c.scheduler.XxlJobScheduler [XxlJobScheduler.java : 45] >>>>>>>>> init xxl-job admin success.
2023-08-01 22:04:06,446 INFO [xxl-job, admin JobFailMonitorHelper] com.zaxxer.hikari.HikariDataSource [HikariDataSource.java : 110] HikariCP - Starting...
2023-08-01 22:04:06,537 INFO [main] o.s.b.a.w.s.WelcomePageHandlerMapping [WelcomePageHandlerMapping.java : 57] Adding welcome page template: index
2023-08-01 22:04:06,810 INFO [main] o.s.b.a.e.web.EndpointLinksResolver [EndpointLinksResolver.java : 58] Exposing 1 endpoint(s) beneath base path '/actuator'
2023-08-01 22:04:06,828 INFO [main] o.a.coyote.http11.Http11NioProtocol [DirectJDKLog.java : 173] Starting ProtocolHandler ["http-nio-8080"]
2023-08-01 22:04:06,834 INFO [xxl-job, admin JobFailMonitorHelper] com.zaxxer.hikari.HikariDataSource [HikariDataSource.java : 123] HikariCP - Start completed.
2023-08-01 22:04:06,839 INFO [main] o.a.c.c.C.[.[.[/xxl-job-admin] [DirectJDKLog.java : 173] Initializing Spring DispatcherServlet 'dispatcherServlet'
2023-08-01 22:04:06,840 INFO [main] o.s.web.servlet.DispatcherServlet [FrameworkServlet.java : 525] Initializing Servlet 'dispatcherServlet'
2023-08-01 22:04:06,840 INFO [main] o.s.web.servlet.DispatcherServlet [FrameworkServlet.java : 547] Completed initialization in 0 ms
2023-08-01 22:04:06,842 INFO [main] o.s.b.w.e.tomcat.TomcatWebServer [TomcatWebServer.java : 220] Tomcat started on port(s): 8080 (http) with context path '/xxl-job-admin'
2023-08-01 22:04:06,852 INFO [main] c.x.job.admin.XxlJobAdminApplication [StartupInfoLogger.java : 61] Started XxlJobAdminApplication in 2.077 seconds (JVM running for 3.231)
2023-08-01 22:04:11,001 INFO [xxl-job, admin JobScheduleHelper#scheduleThread] c.x.j.a.c.thread.JobScheduleHelper [JobScheduleHelper.java : 52] >>>>>>>>> init xxl-job admin scheduler success.
2023-08-01 22:05:04,126 INFO [http-nio-8080-exec-9] o.a.tomcat.util.http.parser.Cookie [DirectJDKLog.java : 173] A cookie header was received [Hm_lvt_e5ef47b9f471504959267fd614d579cd=1680100626,1680791078;] that contained an invalid cookie. That cookie will be ignored.
 Note: further occurrences of this error will be logged at DEBUG level.
2023-08-01 22:45:38,021 ERROR [xxl-job, admin JobTriggerPoolHelper-fastTriggerPool-612241576] c.x.job.core.util.XxlJobRemotingUtil [XxlJobRemotingUtil.java : 143] Connection refused: connect
java.net.ConnectException: Connection refused: connect
	at java.net.DualStackPlainSocketImpl.waitForConnect(Native Method)
	at java.net.DualStackPlainSocketImpl.socketConnect(DualStackPlainSocketImpl.java:81)
	at java.net.AbstractPlainSocketImpl.doConnect(AbstractPlainSocketImpl.java:476)
	at java.net.AbstractPlainSocketImpl.connectToAddress(AbstractPlainSocketImpl.java:218)
	at java.net.AbstractPlainSocketImpl.connect(AbstractPlainSocketImpl.java:200)
	at java.net.PlainSocketImpl.connect(PlainSocketImpl.java:162)
	at java.net.SocksSocketImpl.connect(SocksSocketImpl.java:394)
	at java.net.Socket.connect(Socket.java:606)
	at sun.net.NetworkClient.doConnect(NetworkClient.java:175)
	at sun.net.www.http.HttpClient.openServer(HttpClient.java:463)
	at sun.net.www.http.HttpClient.openServer(HttpClient.java:558)
	at sun.net.www.http.HttpClient.<init>(HttpClient.java:242)
	at sun.net.www.http.HttpClient.New(HttpClient.java:339)
	at sun.net.www.http.HttpClient.New(HttpClient.java:357)
	at sun.net.www.protocol.http.HttpURLConnection.getNewHttpClient(HttpURLConnection.java:1240)
	at sun.net.www.protocol.http.HttpURLConnection.plainConnect0(HttpURLConnection.java:1167)
	at sun.net.www.protocol.http.HttpURLConnection.plainConnect(HttpURLConnection.java:1061)
	at sun.net.www.protocol.http.HttpURLConnection.connect(HttpURLConnection.java:995)
	at com.xxl.job.core.util.XxlJobRemotingUtil.postBody(XxlJobRemotingUtil.java:99)
	at com.xxl.job.core.biz.client.ExecutorBizClient.run(ExecutorBizClient.java:43)
	at com.xxl.job.admin.core.trigger.XxlJobTrigger.runExecutor(XxlJobTrigger.java:211)
	at com.xxl.job.admin.core.trigger.XxlJobTrigger.processTrigger(XxlJobTrigger.java:164)
	at com.xxl.job.admin.core.trigger.XxlJobTrigger.trigger(XxlJobTrigger.java:89)
	at com.xxl.job.admin.core.thread.JobTriggerPoolHelper$3.run(JobTriggerPoolHelper.java:95)
	at java.util.concurrent.ThreadPoolExecutor.runWorker(ThreadPoolExecutor.java:1149)
	at java.util.concurrent.ThreadPoolExecutor$Worker.run(ThreadPoolExecutor.java:624)
	at java.lang.Thread.run(Thread.java:750)
2023-08-01 22:45:39,040 ERROR [xxl-job, admin JobTriggerPoolHelper-fastTriggerPool-1315768181] c.x.job.core.util.XxlJobRemotingUtil [XxlJobRemotingUtil.java : 143] Connection refused: connect
java.net.ConnectException: Connection refused: connect
	at java.net.DualStackPlainSocketImpl.waitForConnect(Native Method)
	at java.net.DualStackPlainSocketImpl.socketConnect(DualStackPlainSocketImpl.java:81)
	at java.net.AbstractPlainSocketImpl.doConnect(AbstractPlainSocketImpl.java:476)
	at java.net.AbstractPlainSocketImpl.connectToAddress(AbstractPlainSocketImpl.java:218)
	at java.net.AbstractPlainSocketImpl.connect(AbstractPlainSocketImpl.java:200)
	at java.net.PlainSocketImpl.connect(PlainSocketImpl.java:162)
	at java.net.SocksSocketImpl.connect(SocksSocketImpl.java:394)
	at java.net.Socket.connect(Socket.java:606)
	at sun.net.NetworkClient.doConnect(NetworkClient.java:175)
	at sun.net.www.http.HttpClient.openServer(HttpClient.java:463)
	at sun.net.www.http.HttpClient.openServer(HttpClient.java:558)
	at sun.net.www.http.HttpClient.<init>(HttpClient.java:242)
	at sun.net.www.http.HttpClient.New(HttpClient.java:339)
	at sun.net.www.http.HttpClient.New(HttpClient.java:357)
	at sun.net.www.protocol.http.HttpURLConnection.getNewHttpClient(HttpURLConnection.java:1240)
	at sun.net.www.protocol.http.HttpURLConnection.plainConnect0(HttpURLConnection.java:1167)
	at sun.net.www.protocol.http.HttpURLConnection.plainConnect(HttpURLConnection.java:1061)
	at sun.net.www.protocol.http.HttpURLConnection.connect(HttpURLConnection.java:995)
	at com.xxl.job.core.util.XxlJobRemotingUtil.postBody(XxlJobRemotingUtil.java:99)
	at com.xxl.job.core.biz.client.ExecutorBizClient.run(ExecutorBizClient.java:43)
	at com.xxl.job.admin.core.trigger.XxlJobTrigger.runExecutor(XxlJobTrigger.java:211)
	at com.xxl.job.admin.core.trigger.XxlJobTrigger.processTrigger(XxlJobTrigger.java:164)
	at com.xxl.job.admin.core.trigger.XxlJobTrigger.trigger(XxlJobTrigger.java:89)
	at com.xxl.job.admin.core.thread.JobTriggerPoolHelper$3.run(JobTriggerPoolHelper.java:95)
	at java.util.concurrent.ThreadPoolExecutor.runWorker(ThreadPoolExecutor.java:1149)
	at java.util.concurrent.ThreadPoolExecutor$Worker.run(ThreadPoolExecutor.java:624)
	at java.lang.Thread.run(Thread.java:750)
2023-08-01 22:45:40,037 ERROR [xxl-job, admin JobTriggerPoolHelper-fastTriggerPool-593476288] c.x.job.core.util.XxlJobRemotingUtil [XxlJobRemotingUtil.java : 143] Connection refused: connect
java.net.ConnectException: Connection refused: connect
	at java.net.DualStackPlainSocketImpl.waitForConnect(Native Method)
	at java.net.DualStackPlainSocketImpl.socketConnect(DualStackPlainSocketImpl.java:81)
	at java.net.AbstractPlainSocketImpl.doConnect(AbstractPlainSocketImpl.java:476)
	at java.net.AbstractPlainSocketImpl.connectToAddress(AbstractPlainSocketImpl.java:218)
	at java.net.AbstractPlainSocketImpl.connect(AbstractPlainSocketImpl.java:200)
	at java.net.PlainSocketImpl.connect(PlainSocketImpl.java:162)
	at java.net.SocksSocketImpl.connect(SocksSocketImpl.java:394)
	at java.net.Socket.connect(Socket.java:606)
	at sun.net.NetworkClient.doConnect(NetworkClient.java:175)
	at sun.net.www.http.HttpClient.openServer(HttpClient.java:463)
	at sun.net.www.http.HttpClient.openServer(HttpClient.java:558)
	at sun.net.www.http.HttpClient.<init>(HttpClient.java:242)
	at sun.net.www.http.HttpClient.New(HttpClient.java:339)
	at sun.net.www.http.HttpClient.New(HttpClient.java:357)
	at sun.net.www.protocol.http.HttpURLConnection.getNewHttpClient(HttpURLConnection.java:1240)
	at sun.net.www.protocol.http.HttpURLConnection.plainConnect0(HttpURLConnection.java:1167)
	at sun.net.www.protocol.http.HttpURLConnection.plainConnect(HttpURLConnection.java:1061)
	at sun.net.www.protocol.http.HttpURLConnection.connect(HttpURLConnection.java:995)
	at com.xxl.job.core.util.XxlJobRemotingUtil.postBody(XxlJobRemotingUtil.java:99)
	at com.xxl.job.core.biz.client.ExecutorBizClient.run(ExecutorBizClient.java:43)
	at com.xxl.job.admin.core.trigger.XxlJobTrigger.runExecutor(XxlJobTrigger.java:211)
	at com.xxl.job.admin.core.trigger.XxlJobTrigger.processTrigger(XxlJobTrigger.java:164)
	at com.xxl.job.admin.core.trigger.XxlJobTrigger.trigger(XxlJobTrigger.java:89)
	at com.xxl.job.admin.core.thread.JobTriggerPoolHelper$3.run(JobTriggerPoolHelper.java:95)
	at java.util.concurrent.ThreadPoolExecutor.runWorker(ThreadPoolExecutor.java:1149)
	at java.util.concurrent.ThreadPoolExecutor$Worker.run(ThreadPoolExecutor.java:624)
	at java.lang.Thread.run(Thread.java:750)
2023-08-01 22:53:01,011 ERROR [xxl-job, admin JobTriggerPoolHelper-fastTriggerPool-210412975] c.x.job.core.util.XxlJobRemotingUtil [XxlJobRemotingUtil.java : 143] Read timed out
java.net.SocketTimeoutException: Read timed out
	at java.net.SocketInputStream.socketRead0(Native Method)
	at java.net.SocketInputStream.socketRead(SocketInputStream.java:116)
	at java.net.SocketInputStream.read(SocketInputStream.java:171)
	at java.net.SocketInputStream.read(SocketInputStream.java:141)
	at java.io.BufferedInputStream.fill(BufferedInputStream.java:246)
	at java.io.BufferedInputStream.read1(BufferedInputStream.java:286)
	at java.io.BufferedInputStream.read(BufferedInputStream.java:345)
	at sun.net.www.http.HttpClient.parseHTTPHeader(HttpClient.java:743)
	at sun.net.www.http.HttpClient.parseHTTP(HttpClient.java:678)
	at sun.net.www.protocol.http.HttpURLConnection.getInputStream0(HttpURLConnection.java:1607)
	at sun.net.www.protocol.http.HttpURLConnection.getInputStream(HttpURLConnection.java:1512)
	at java.net.HttpURLConnection.getResponseCode(HttpURLConnection.java:480)
	at com.xxl.job.core.util.XxlJobRemotingUtil.postBody(XxlJobRemotingUtil.java:119)
	at com.xxl.job.core.biz.client.ExecutorBizClient.run(ExecutorBizClient.java:43)
	at com.xxl.job.admin.core.trigger.XxlJobTrigger.runExecutor(XxlJobTrigger.java:211)
	at com.xxl.job.admin.core.trigger.XxlJobTrigger.processTrigger(XxlJobTrigger.java:164)
	at com.xxl.job.admin.core.trigger.XxlJobTrigger.trigger(XxlJobTrigger.java:89)
	at com.xxl.job.admin.core.thread.JobTriggerPoolHelper$3.run(JobTriggerPoolHelper.java:95)
	at java.util.concurrent.ThreadPoolExecutor.runWorker(ThreadPoolExecutor.java:1149)
	at java.util.concurrent.ThreadPoolExecutor$Worker.run(ThreadPoolExecutor.java:624)
	at java.lang.Thread.run(Thread.java:750)
2023-08-01 22:54:01,010 ERROR [xxl-job, admin JobTriggerPoolHelper-fastTriggerPool-593476288] c.x.job.core.util.XxlJobRemotingUtil [XxlJobRemotingUtil.java : 143] Read timed out
java.net.SocketTimeoutException: Read timed out
	at java.net.SocketInputStream.socketRead0(Native Method)
	at java.net.SocketInputStream.socketRead(SocketInputStream.java:116)
	at java.net.SocketInputStream.read(SocketInputStream.java:171)
	at java.net.SocketInputStream.read(SocketInputStream.java:141)
	at java.io.BufferedInputStream.fill(BufferedInputStream.java:246)
	at java.io.BufferedInputStream.read1(BufferedInputStream.java:286)
	at java.io.BufferedInputStream.read(BufferedInputStream.java:345)
	at sun.net.www.http.HttpClient.parseHTTPHeader(HttpClient.java:743)
	at sun.net.www.http.HttpClient.parseHTTP(HttpClient.java:678)
	at sun.net.www.protocol.http.HttpURLConnection.getInputStream0(HttpURLConnection.java:1607)
	at sun.net.www.protocol.http.HttpURLConnection.getInputStream(HttpURLConnection.java:1512)
	at java.net.HttpURLConnection.getResponseCode(HttpURLConnection.java:480)
	at com.xxl.job.core.util.XxlJobRemotingUtil.postBody(XxlJobRemotingUtil.java:119)
	at com.xxl.job.core.biz.client.ExecutorBizClient.run(ExecutorBizClient.java:43)
	at com.xxl.job.admin.core.trigger.XxlJobTrigger.runExecutor(XxlJobTrigger.java:211)
	at com.xxl.job.admin.core.trigger.XxlJobTrigger.processTrigger(XxlJobTrigger.java:164)
	at com.xxl.job.admin.core.trigger.XxlJobTrigger.trigger(XxlJobTrigger.java:89)
	at com.xxl.job.admin.core.thread.JobTriggerPoolHelper$3.run(JobTriggerPoolHelper.java:95)
	at java.util.concurrent.ThreadPoolExecutor.runWorker(ThreadPoolExecutor.java:1149)
	at java.util.concurrent.ThreadPoolExecutor$Worker.run(ThreadPoolExecutor.java:624)
	at java.lang.Thread.run(Thread.java:750)
2023-08-01 22:54:02,013 ERROR [xxl-job, admin JobTriggerPoolHelper-fastTriggerPool-764956891] c.x.job.core.util.XxlJobRemotingUtil [XxlJobRemotingUtil.java : 143] Read timed out
java.net.SocketTimeoutException: Read timed out
	at java.net.SocketInputStream.socketRead0(Native Method)
	at java.net.SocketInputStream.socketRead(SocketInputStream.java:116)
	at java.net.SocketInputStream.read(SocketInputStream.java:171)
	at java.net.SocketInputStream.read(SocketInputStream.java:141)
	at java.io.BufferedInputStream.fill(BufferedInputStream.java:246)
	at java.io.BufferedInputStream.read1(BufferedInputStream.java:286)
	at java.io.BufferedInputStream.read(BufferedInputStream.java:345)
	at sun.net.www.http.HttpClient.parseHTTPHeader(HttpClient.java:743)
	at sun.net.www.http.HttpClient.parseHTTP(HttpClient.java:678)
	at sun.net.www.protocol.http.HttpURLConnection.getInputStream0(HttpURLConnection.java:1607)
	at sun.net.www.protocol.http.HttpURLConnection.getInputStream(HttpURLConnection.java:1512)
	at java.net.HttpURLConnection.getResponseCode(HttpURLConnection.java:480)
	at com.xxl.job.core.util.XxlJobRemotingUtil.postBody(XxlJobRemotingUtil.java:119)
	at com.xxl.job.core.biz.client.ExecutorBizClient.run(ExecutorBizClient.java:43)
	at com.xxl.job.admin.core.trigger.XxlJobTrigger.runExecutor(XxlJobTrigger.java:211)
	at com.xxl.job.admin.core.trigger.XxlJobTrigger.processTrigger(XxlJobTrigger.java:164)
	at com.xxl.job.admin.core.trigger.XxlJobTrigger.trigger(XxlJobTrigger.java:89)
	at com.xxl.job.admin.core.thread.JobTriggerPoolHelper$3.run(JobTriggerPoolHelper.java:95)
	at java.util.concurrent.ThreadPoolExecutor.runWorker(ThreadPoolExecutor.java:1149)
	at java.util.concurrent.ThreadPoolExecutor$Worker.run(ThreadPoolExecutor.java:624)
	at java.lang.Thread.run(Thread.java:750)
2023-08-01 22:58:12,093 INFO [xxl-job, admin JobScheduleHelper#scheduleThread] c.x.j.a.c.thread.JobScheduleHelper [JobScheduleHelper.java : 212] >>>>>>>>>>> xxl-job, JobScheduleHelper#scheduleThread stop
2023-08-01 22:58:13,000 INFO [xxl-job, admin JobScheduleHelper#ringThread] c.x.j.a.c.thread.JobScheduleHelper [JobScheduleHelper.java : 264] >>>>>>>>>>> xxl-job, JobScheduleHelper#ringThread stop
2023-08-01 22:58:13,093 INFO [SpringApplicationShutdownHook] c.x.j.a.c.thread.JobScheduleHelper [JobScheduleHelper.java : 353] >>>>>>>>>>> xxl-job, JobScheduleHelper stop
2023-08-01 22:58:13,093 INFO [xxl-job, admin JobLogReportHelper] c.x.j.a.c.thread.JobLogReportHelper [JobLogReportHelper.java : 132] >>>>>>>>>>> xxl-job, job log report thread stop
2023-08-01 22:58:13,093 INFO [xxl-job, admin JobLosedMonitorHelper] c.x.j.a.c.thread.JobCompleteHelper [JobCompleteHelper.java : 111] >>>>>>>>>>> xxl-job, JobLosedMonitorHelper stop
2023-08-01 22:58:13,094 INFO [xxl-job, admin JobFailMonitorHelper] c.x.j.a.c.t.JobFailMonitorHelper [JobFailMonitorHelper.java : 90] >>>>>>>>>>> xxl-job, job fail monitor thread stop
2023-08-01 22:58:13,094 INFO [xxl-job, admin JobRegistryMonitorHelper-registryMonitorThread] c.x.j.a.c.thread.JobRegistryHelper [JobRegistryHelper.java : 123] >>>>>>>>>>> xxl-job, job registry monitor thread stop
2023-08-01 22:58:13,094 INFO [SpringApplicationShutdownHook] c.x.j.a.c.t.JobTriggerPoolHelper [JobTriggerPoolHelper.java : 60] >>>>>>>>> xxl-job trigger thread pool shutdown success.
2023-08-01 22:58:13,101 INFO [SpringApplicationShutdownHook] com.zaxxer.hikari.HikariDataSource [HikariDataSource.java : 350] HikariCP - Shutdown initiated...
2023-08-01 22:58:13,110 INFO [SpringApplicationShutdownHook] com.zaxxer.hikari.HikariDataSource [HikariDataSource.java : 352] HikariCP - Shutdown completed.
